\BOOKMARK [1][-]{section.1}{Project Drivers}{}% 1
\BOOKMARK [2][-]{subsection.1.1}{The Purpose of the Project}{section.1}% 2
\BOOKMARK [2][-]{subsection.1.2}{The Stakeholders}{section.1}% 3
\BOOKMARK [3][-]{subsubsection.1.2.1}{The Client}{subsection.1.2}% 4
\BOOKMARK [3][-]{subsubsection.1.2.2}{The Customers}{subsection.1.2}% 5
\BOOKMARK [3][-]{subsubsection.1.2.3}{Other Stakeholders}{subsection.1.2}% 6
\BOOKMARK [2][-]{subsection.1.3}{Mandated Constraints}{section.1}% 7
\BOOKMARK [2][-]{subsection.1.4}{Naming Conventions and Terminology}{section.1}% 8
\BOOKMARK [2][-]{subsection.1.5}{Relevant Facts and Assumptions}{section.1}% 9
\BOOKMARK [3][-]{subsubsection.1.5.1}{Facts}{subsection.1.5}% 10
\BOOKMARK [3][-]{subsubsection.1.5.2}{Assumptions}{subsection.1.5}% 11
\BOOKMARK [1][-]{section.2}{Functional Requirements}{}% 12
\BOOKMARK [2][-]{subsection.2.1}{The Scope of the Work and the Product}{section.2}% 13
\BOOKMARK [3][-]{subsubsection.2.1.1}{The Context of the Work}{subsection.2.1}% 14
\BOOKMARK [3][-]{subsubsection.2.1.2}{Work Partitioning}{subsection.2.1}% 15
\BOOKMARK [3][-]{subsubsection.2.1.3}{Individual Product Use Cases}{subsection.2.1}% 16
\BOOKMARK [2][-]{subsection.2.2}{Functional Requirements}{section.2}% 17
\BOOKMARK [1][-]{section.3}{Non-functional Requirements}{}% 18
\BOOKMARK [2][-]{subsection.3.1}{Look and Feel Requirements}{section.3}% 19
\BOOKMARK [2][-]{subsection.3.2}{Usability and Humanity Requirements}{section.3}% 20
\BOOKMARK [3][-]{subsubsection.3.2.1}{Ease of Use Requirements}{subsection.3.2}% 21
\BOOKMARK [3][-]{subsubsection.3.2.2}{Personalization and Internationalization Requirements}{subsection.3.2}% 22
\BOOKMARK [3][-]{subsubsection.3.2.3}{Learning Requirements}{subsection.3.2}% 23
\BOOKMARK [3][-]{subsubsection.3.2.4}{Understandability and Politeness Requirements}{subsection.3.2}% 24
\BOOKMARK [3][-]{subsubsection.3.2.5}{Accessibility Requirements}{subsection.3.2}% 25
\BOOKMARK [2][-]{subsection.3.3}{Performance Requirements}{section.3}% 26
\BOOKMARK [3][-]{subsubsection.3.3.1}{Speed and Latency Requirements}{subsection.3.3}% 27
\BOOKMARK [3][-]{subsubsection.3.3.2}{Safety-Critical Requirements}{subsection.3.3}% 28
\BOOKMARK [3][-]{subsubsection.3.3.3}{Precision or Accuracy Requirements}{subsection.3.3}% 29
\BOOKMARK [3][-]{subsubsection.3.3.4}{Reliability and Availability Requirements}{subsection.3.3}% 30
\BOOKMARK [3][-]{subsubsection.3.3.5}{Robustness or Fault-Tolerance Requirements}{subsection.3.3}% 31
\BOOKMARK [3][-]{subsubsection.3.3.6}{Capacity Requirements}{subsection.3.3}% 32
\BOOKMARK [3][-]{subsubsection.3.3.7}{Scalability or Extensibility Requirements}{subsection.3.3}% 33
\BOOKMARK [3][-]{subsubsection.3.3.8}{Longevity Requirements}{subsection.3.3}% 34
\BOOKMARK [2][-]{subsection.3.4}{Operational and Environmental Requirements}{section.3}% 35
\BOOKMARK [3][-]{subsubsection.3.4.1}{Expected Physical Environment}{subsection.3.4}% 36
\BOOKMARK [3][-]{subsubsection.3.4.2}{Requirements for Interfacing with Adjacent Systems}{subsection.3.4}% 37
\BOOKMARK [3][-]{subsubsection.3.4.3}{Productization Requirements}{subsection.3.4}% 38
\BOOKMARK [3][-]{subsubsection.3.4.4}{Release Requirements}{subsection.3.4}% 39
\BOOKMARK [2][-]{subsection.3.5}{Maintainability and Support Requirements}{section.3}% 40
\BOOKMARK [3][-]{subsubsection.3.5.1}{Maintenance Requirements}{subsection.3.5}% 41
\BOOKMARK [3][-]{subsubsection.3.5.2}{Supportability Requirements}{subsection.3.5}% 42
\BOOKMARK [3][-]{subsubsection.3.5.3}{Adaptability Requirements}{subsection.3.5}% 43
\BOOKMARK [2][-]{subsection.3.6}{Security Requirements}{section.3}% 44
\BOOKMARK [3][-]{subsubsection.3.6.1}{Access Requirements}{subsection.3.6}% 45
\BOOKMARK [3][-]{subsubsection.3.6.2}{Integrity Requirements}{subsection.3.6}% 46
\BOOKMARK [3][-]{subsubsection.3.6.3}{Privacy Requirements}{subsection.3.6}% 47
\BOOKMARK [3][-]{subsubsection.3.6.4}{Audit Requirements}{subsection.3.6}% 48
\BOOKMARK [3][-]{subsubsection.3.6.5}{Immunity Requirements}{subsection.3.6}% 49
\BOOKMARK [2][-]{subsection.3.7}{Cultural Requirements}{section.3}% 50
\BOOKMARK [3][-]{subsubsection.3.7.1}{Cultural Requirements}{subsection.3.7}% 51
\BOOKMARK [3][-]{subsubsection.3.7.2}{Political Requirements}{subsection.3.7}% 52
\BOOKMARK [2][-]{subsection.3.8}{Legal Requirements}{section.3}% 53
\BOOKMARK [3][-]{subsubsection.3.8.1}{Compliance Requirements}{subsection.3.8}% 54
\BOOKMARK [3][-]{subsubsection.3.8.2}{Standards Requirements}{subsection.3.8}% 55
\BOOKMARK [2][-]{subsection.3.9}{Health and Safety Requirements}{section.3}% 56
\BOOKMARK [1][-]{section.4}{Project Issues}{}% 57
\BOOKMARK [2][-]{subsection.4.1}{Open Issues}{section.4}% 58
\BOOKMARK [2][-]{subsection.4.2}{Off-the-Shelf Solutions}{section.4}% 59
\BOOKMARK [2][-]{subsection.4.3}{New Problems}{section.4}% 60
\BOOKMARK [3][-]{subsubsection.4.3.1}{Effects on the Current Environment}{subsection.4.3}% 61
\BOOKMARK [3][-]{subsubsection.4.3.2}{Limitations in the Implementation Environment}{subsection.4.3}% 62
\BOOKMARK [3][-]{subsubsection.4.3.3}{Problems Resulting from the Solution}{subsection.4.3}% 63
\BOOKMARK [3][-]{subsubsection.4.3.4}{Possible User Related Issues}{subsection.4.3}% 64
\BOOKMARK [2][-]{subsection.4.4}{Tasks}{section.4}% 65
\BOOKMARK [3][-]{subsubsection.4.4.1}{Project Schedule}{subsection.4.4}% 66
\BOOKMARK [2][-]{subsection.4.5}{Migration to the New Product}{section.4}% 67
\BOOKMARK [3][-]{subsubsection.4.5.1}{Requirements for Migration to the New Product}{subsection.4.5}% 68
\BOOKMARK [3][-]{subsubsection.4.5.2}{Data That has to Be Modified or Translated for the New System}{subsection.4.5}% 69
\BOOKMARK [2][-]{subsection.4.6}{Risks}{section.4}% 70
\BOOKMARK [3][-]{subsubsection.4.6.1}{Excessive Schedule Pressure}{subsection.4.6}% 71
\BOOKMARK [3][-]{subsubsection.4.6.2}{Low Quality}{subsection.4.6}% 72
\BOOKMARK [2][-]{subsection.4.7}{Costs}{section.4}% 73
\BOOKMARK [2][-]{subsection.4.8}{User Documentation and Training}{section.4}% 74
\BOOKMARK [3][-]{subsubsection.4.8.1}{User Documentation Requirements}{subsection.4.8}% 75
\BOOKMARK [3][-]{subsubsection.4.8.2}{Training Requirements}{subsection.4.8}% 76
\BOOKMARK [2][-]{subsection.4.9}{Waiting Room}{section.4}% 77
\BOOKMARK [2][-]{subsection.4.10}{Ideas for Solutions}{section.4}% 78
\BOOKMARK [1][-]{section.5}{Appendix}{}% 79
\BOOKMARK [2][-]{subsection.5.1}{Symbolic Parameters}{section.5}% 80
